Determining if the function pcap_setsampling exists failed with the following output:
Change Dir: /home/h066/Downloads/kdd99_feature_extractor-master/build-files/CMakeFiles/CMakeTmp

Run Build Command(s):/usr/bin/make cmTC_42e28/fast && /usr/bin/make -f CMakeFiles/cmTC_42e28.dir/build.make CMakeFiles/cmTC_42e28.dir/build
make[1]: Entering directory '/home/h066/Downloads/kdd99_feature_extractor-master/build-files/CMakeFiles/CMakeTmp'
Building C object CMakeFiles/cmTC_42e28.dir/CheckFunctionExists.c.o
/usr/bin/cc   -DCHECK_FUNCTION_EXISTS=pcap_setsampling   -o CMakeFiles/cmTC_42e28.dir/CheckFunctionExists.c.o   -c /usr/share/cmake-3.16/Modules/CheckFunctionExists.c
Linking C executable cmTC_42e28
/usr/bin/cmake -E cmake_link_script CMakeFiles/cmTC_42e28.dir/link.txt --verbose=1
/usr/bin/cc  -DCHECK_FUNCTION_EXISTS=pcap_setsampling    -rdynamic CMakeFiles/cmTC_42e28.dir/CheckFunctionExists.c.o  -o cmTC_42e28  /usr/lib/x86_64-linux-gnu/libpcap.so 
/usr/bin/ld: CMakeFiles/cmTC_42e28.dir/CheckFunctionExists.c.o: in function `main':
CheckFunctionExists.c:(.text+0x14): undefined reference to `pcap_setsampling'
collect2: error: ld returned 1 exit status
make[1]: *** [CMakeFiles/cmTC_42e28.dir/build.make:88: cmTC_42e28] Error 1
make[1]: Leaving directory '/home/h066/Downloads/kdd99_feature_extractor-master/build-files/CMakeFiles/CMakeTmp'
make: *** [Makefile:121: cmTC_42e28/fast] Error 2



Determining if the function pcap_open exists failed with the following output:
Change Dir: /home/h066/Downloads/kdd99_feature_extractor-master/build-files/CMakeFiles/CMakeTmp

Run Build Command(s):/usr/bin/make cmTC_fa22a/fast && /usr/bin/make -f CMakeFiles/cmTC_fa22a.dir/build.make CMakeFiles/cmTC_fa22a.dir/build
make[1]: Entering directory '/home/h066/Downloads/kdd99_feature_extractor-master/build-files/CMakeFiles/CMakeTmp'
Building C object CMakeFiles/cmTC_fa22a.dir/CheckFunctionExists.c.o
/usr/bin/cc   -DCHECK_FUNCTION_EXISTS=pcap_open   -o CMakeFiles/cmTC_fa22a.dir/CheckFunctionExists.c.o   -c /usr/share/cmake-3.16/Modules/CheckFunctionExists.c
Linking C executable cmTC_fa22a
/usr/bin/cmake -E cmake_link_script CMakeFiles/cmTC_fa22a.dir/link.txt --verbose=1
/usr/bin/cc  -DCHECK_FUNCTION_EXISTS=pcap_open    -rdynamic CMakeFiles/cmTC_fa22a.dir/CheckFunctionExists.c.o  -o cmTC_fa22a  /usr/lib/x86_64-linux-gnu/libpcap.so 
/usr/bin/ld: CMakeFiles/cmTC_fa22a.dir/CheckFunctionExists.c.o: in function `main':
CheckFunctionExists.c:(.text+0x14): undefined reference to `pcap_open'
collect2: error: ld returned 1 exit status
make[1]: *** [CMakeFiles/cmTC_fa22a.dir/build.make:88: cmTC_fa22a] Error 1
make[1]: Leaving directory '/home/h066/Downloads/kdd99_feature_extractor-master/build-files/CMakeFiles/CMakeTmp'
make: *** [Makefile:121: cmTC_fa22a/fast] Error 2



